<?xml version="1.0" encoding="UTF-8"?>
<testng-results ignored="0" total="1" passed="1" failed="0" skipped="0">
  <reporter-output>
  </reporter-output>
  <suite started-at="2023-01-25T13:46:57 IST" name="Default suite" finished-at="2023-01-25T13:47:18 IST" duration-ms="20786">
    <groups>
    </groups>
    <test started-at="2023-01-25T13:46:57 IST" name="Default test" finished-at="2023-01-25T13:47:18 IST" duration-ms="20786">
      <class name="techPandaMavenTest.TechPandaTest">
        <test-method is-config="true" signature="launchingVctc()[pri:0, instance:techPandaMavenTest.TechPandaTest@54bff557]" started-at="2023-01-25T13:46:57 IST" name="launchingVctc" finished-at="2023-01-25T13:47:12 IST" duration-ms="14551" status="PASS">
          <reporter-output>
          </reporter-output>
        </test-method> <!-- launchingVctc -->
        <test-method signature="sortedByFunctionality()[pri:0, instance:techPandaMavenTest.TechPandaTest@54bff557]" started-at="2023-01-25T13:47:12 IST" name="sortedByFunctionality" finished-at="2023-01-25T13:47:17 IST" duration-ms="4767" status="PASS">
          <reporter-output>
          </reporter-output>
        </test-method> <!-- sortedByFunctionality -->
        <test-method is-config="true" signature="closingBrowser()[pri:0, instance:techPandaMavenTest.TechPandaTest@54bff557]" started-at="2023-01-25T13:47:17 IST" name="closingBrowser" finished-at="2023-01-25T13:47:18 IST" duration-ms="1360" status="PASS">
          <reporter-output>
          </reporter-output>
        </test-method> <!-- closingBrowser -->
      </class> <!-- techPandaMavenTest.TechPandaTest -->
    </test> <!-- Default test -->
  </suite> <!-- Default suite -->
</testng-results>
