<?xml version="1.0" encoding="UTF-8"?>
<testng-results ignored="0" total="1" passed="1" failed="0" skipped="0">
  <reporter-output>
  </reporter-output>
  <suite started-at="2023-01-25T06:43:57 IST" name="Suite" finished-at="2023-01-25T06:44:15 IST" duration-ms="17463">
    <groups>
    </groups>
    <test started-at="2023-01-25T06:43:57 IST" name="Test" finished-at="2023-01-25T06:44:15 IST" duration-ms="17463">
      <class name="techPandaMavenTest.TechPandaTest">
        <test-method is-config="true" signature="launchingVctc()[pri:0, instance:techPandaMavenTest.TechPandaTest@54bff557]" started-at="2023-01-25T06:43:57 IST" name="launchingVctc" finished-at="2023-01-25T06:44:09 IST" duration-ms="12058" status="PASS">
          <reporter-output>
          </reporter-output>
        </test-method> <!-- launchingVctc -->
        <test-method signature="sortedByFunctionality()[pri:0, instance:techPandaMavenTest.TechPandaTest@54bff557]" started-at="2023-01-25T06:44:09 IST" name="sortedByFunctionality" finished-at="2023-01-25T06:44:13 IST" duration-ms="3913" status="PASS">
          <reporter-output>
          </reporter-output>
        </test-method> <!-- sortedByFunctionality -->
        <test-method is-config="true" signature="closingBrowser()[pri:0, instance:techPandaMavenTest.TechPandaTest@54bff557]" started-at="2023-01-25T06:44:13 IST" name="closingBrowser" finished-at="2023-01-25T06:44:15 IST" duration-ms="1359" status="PASS">
          <reporter-output>
          </reporter-output>
        </test-method> <!-- closingBrowser -->
      </class> <!-- techPandaMavenTest.TechPandaTest -->
    </test> <!-- Test -->
  </suite> <!-- Suite -->
</testng-results>
